<?xml version="1.0" encoding="UTF-8"?>
<!-- Generated by org.testng.reporters.JUnitXMLReporter -->
<testsuite ignored="4" hostname="LTIN283107" failures="0" tests="8" name="Test" time="62.004" errors="0" timestamp="2024-03-20T21:27:33 IST">
  <testcase classname="testcases.TC001_BookShelves" name="select_bookshelves" time="5.468"/>
  <testcase classname="testcases.TC001_BookShelves" name="SelectFilters" time="14.174"/>
  <testcase classname="testcases.TC001_BookShelves" name="printProductDetails" time="7.12"/>
  <testcase classname="testcases.TC002_Living_Submenu" name="viewLiving" time="3.192"/>
  <testcase classname="testcases.TC002_Living_Submenu" name="printSubmenu" time="1.504"/>
  <testcase classname="testcases.TC003_GiftCards" name="ChooseBirthdayGiftCard" time="5.678"/>
  <testcase classname="testcases.TC003_GiftCards" name="NegativeTestCase" time="4.676"/>
  <testcase classname="testcases.TC003_GiftCards" name="PositiveTestCase" time="4.967"/>
  <testcase classname="testBase.BaseClass" name="@BeforeTest setup" time="0.0">
    <ignored/>
  </testcase> <!-- @BeforeTest setup -->
  <testcase classname="testBase.BaseClass" name="@AfterTest tearDown" time="0.0">
    <ignored/>
  </testcase> <!-- @AfterTest tearDown -->
  <testcase classname="testBase.BaseClass" name="@AfterTest tearDown" time="0.0">
    <ignored/>
  </testcase> <!-- @AfterTest tearDown -->
  <testcase classname="testBase.BaseClass" name="@BeforeTest setup" time="0.0">
    <ignored/>
  </testcase> <!-- @BeforeTest setup -->
</testsuite> <!-- Test -->
